<?xml version="1.0" encoding="UTF-8"?>
<!-- Generated by org.testng.reporters.JUnitReportReporter -->
<testsuite hostname="Lee.local" failures="0" tests="2" name="com.testng.tutorial.testNGDay1" time="0.021" errors="0" timestamp="18 Mar 2019 06:57:09 GMT">
  <testcase classname="com.testng.tutorial.testNGDay1" name="Rample2" time="0.002"/>
  <testcase classname="com.testng.tutorial.testNGDay1" name="sample1" time="0.019"/>
</testsuite> <!-- com.testng.tutorial.testNGDay1 -->
